{"message":"--New request--","level":"info","service":"user-service"}
{"message":"--headers--","level":"info","service":"user-service"}
{"message":"--New request--","level":"info","service":"user-service"}
{"message":"--headers--","level":"info","service":"user-service"}
{"message":"--New request--","level":"info","service":"user-service"}
{"message":"--headers--","level":"info","service":"user-service"}
{"message":"{\"host\":\"localhost:3000\",\"connection\":\"keep-alive\",\"cache-control\":\"max-age=0\",\"upgrade-insecure-requests\":\"1\",\"user-agent\":\"Mozilla/5.0 (Macintosh; Intel Mac OS X 10_15_7) AppleWebKit/537.36 (KHTML, like Gecko) Chrome/87.0.4280.67 Safari/537.36\",\"accept\":\"text/html,application/xhtml+xml,application/xml;q=0.9,image/avif,image/webp,image/apng,*/*;q=0.8,application/signed-exchange;v=b3;q=0.9\",\"sec-fetch-site\":\"none\",\"sec-fetch-mode\":\"navigate\",\"sec-fetch-user\":\"?1\",\"sec-fetch-dest\":\"document\",\"accept-encoding\":\"gzip, deflate, br\",\"accept-language\":\"de-DE,de;q=0.9,en;q=0.8,en-US;q=0.7\"}","level":"info","service":"user-service"}
{"message":"--New request--","level":"info","service":"user-service"}
{"message":"--headers--","level":"info","service":"user-service"}
{"message":"{\"host\":\"localhost:3000\",\"connection\":\"keep-alive\",\"pragma\":\"no-cache\",\"cache-control\":\"no-cache\",\"user-agent\":\"Mozilla/5.0 (Macintosh; Intel Mac OS X 10_15_7) AppleWebKit/537.36 (KHTML, like Gecko) Chrome/87.0.4280.67 Safari/537.36\",\"accept\":\"image/avif,image/webp,image/apng,image/*,*/*;q=0.8\",\"sec-fetch-site\":\"same-origin\",\"sec-fetch-mode\":\"no-cors\",\"sec-fetch-dest\":\"image\",\"referer\":\"http://localhost:3000/\",\"accept-encoding\":\"gzip, deflate, br\",\"accept-language\":\"de-DE,de;q=0.9,en;q=0.8,en-US;q=0.7\"}","level":"info","service":"user-service"}
{"message":"----- New request ------","level":"info","service":"user-service"}
{"message":"--headers--","level":"info","service":"user-service"}
{"message":"{\"host\":\"localhost:3000\",\"connection\":\"keep-alive\",\"cache-control\":\"max-age=0\",\"upgrade-insecure-requests\":\"1\",\"user-agent\":\"Mozilla/5.0 (Macintosh; Intel Mac OS X 10_15_7) AppleWebKit/537.36 (KHTML, like Gecko) Chrome/87.0.4280.67 Safari/537.36\",\"accept\":\"text/html,application/xhtml+xml,application/xml;q=0.9,image/avif,image/webp,image/apng,*/*;q=0.8,application/signed-exchange;v=b3;q=0.9\",\"sec-fetch-site\":\"none\",\"sec-fetch-mode\":\"navigate\",\"sec-fetch-user\":\"?1\",\"sec-fetch-dest\":\"document\",\"accept-encoding\":\"gzip, deflate, br\",\"accept-language\":\"de-DE,de;q=0.9,en;q=0.8,en-US;q=0.7\",\"if-none-match\":\"W/\\\"141d-VHzHcQZ7BmgTN63M3GUWcwyWDMk\\\"\"}","level":"info","service":"user-service"}
{"message":"----- New request ------","level":"info","service":"user-service"}
{"message":"--headers--","level":"info","service":"user-service"}
{"message":"{\"host\":\"localhost:3000\",\"connection\":\"keep-alive\",\"cache-control\":\"max-age=0\",\"upgrade-insecure-requests\":\"1\",\"user-agent\":\"Mozilla/5.0 (Macintosh; Intel Mac OS X 10_15_7) AppleWebKit/537.36 (KHTML, like Gecko) Chrome/87.0.4280.67 Safari/537.36\",\"accept\":\"text/html,application/xhtml+xml,application/xml;q=0.9,image/avif,image/webp,image/apng,*/*;q=0.8,application/signed-exchange;v=b3;q=0.9\",\"sec-fetch-site\":\"none\",\"sec-fetch-mode\":\"navigate\",\"sec-fetch-user\":\"?1\",\"sec-fetch-dest\":\"document\",\"accept-encoding\":\"gzip, deflate, br\",\"accept-language\":\"de-DE,de;q=0.9,en;q=0.8,en-US;q=0.7\",\"if-none-match\":\"W/\\\"141d-VHzHcQZ7BmgTN63M3GUWcwyWDMk\\\"\"}","level":"info","service":"user-service"}
{"message":"----- New request ------","level":"info","service":"user-service","timestamp":"2020-11-25T13:52:57.070Z"}
{"message":"--headers--","level":"info","service":"user-service","timestamp":"2020-11-25T13:52:57.073Z"}
{"message":"{\"host\":\"localhost:3000\",\"connection\":\"keep-alive\",\"cache-control\":\"max-age=0\",\"upgrade-insecure-requests\":\"1\",\"user-agent\":\"Mozilla/5.0 (Macintosh; Intel Mac OS X 10_15_7) AppleWebKit/537.36 (KHTML, like Gecko) Chrome/87.0.4280.67 Safari/537.36\",\"accept\":\"text/html,application/xhtml+xml,application/xml;q=0.9,image/avif,image/webp,image/apng,*/*;q=0.8,application/signed-exchange;v=b3;q=0.9\",\"sec-fetch-site\":\"none\",\"sec-fetch-mode\":\"navigate\",\"sec-fetch-user\":\"?1\",\"sec-fetch-dest\":\"document\",\"accept-encoding\":\"gzip, deflate, br\",\"accept-language\":\"de-DE,de;q=0.9,en;q=0.8,en-US;q=0.7\",\"if-none-match\":\"W/\\\"141d-VHzHcQZ7BmgTN63M3GUWcwyWDMk\\\"\"}","level":"info","service":"user-service","timestamp":"2020-11-25T13:52:57.074Z"}
undefined
undefined
undefined
2020-11-25T13:59:25.602Z info: ----- New request ------ - undefined
2020-11-25T13:59:25.605Z info: --headers-- - undefined
2020-11-25T13:59:25.605Z info: {"host":"localhost:3000","connection":"keep-alive","cache-control":"max-age=0","upgrade-insecure-requests":"1","user-agent":"Mozilla/5.0 (Macintosh; Intel Mac OS X 10_15_7) AppleWebKit/537.36 (KHTML, like Gecko) Chrome/87.0.4280.67 Safari/537.36","accept":"text/html,application/xhtml+xml,application/xml;q=0.9,image/avif,image/webp,image/apng,*/*;q=0.8,application/signed-exchange;v=b3;q=0.9","sec-fetch-site":"none","sec-fetch-mode":"navigate","sec-fetch-user":"?1","sec-fetch-dest":"document","accept-encoding":"gzip, deflate, br","accept-language":"de-DE,de;q=0.9,en;q=0.8,en-US;q=0.7","if-none-match":"W/\"141d-VHzHcQZ7BmgTN63M3GUWcwyWDMk\""} - undefined
2020-11-25T14:03:07.578Z info: ----- New request ------
2020-11-25T14:03:07.580Z info: --headers--
2020-11-25T14:03:07.581Z info: {"host":"localhost:3000","connection":"keep-alive","cache-control":"max-age=0","upgrade-insecure-requests":"1","user-agent":"Mozilla/5.0 (Macintosh; Intel Mac OS X 10_15_7) AppleWebKit/537.36 (KHTML, like Gecko) Chrome/87.0.4280.67 Safari/537.36","accept":"text/html,application/xhtml+xml,application/xml;q=0.9,image/avif,image/webp,image/apng,*/*;q=0.8,application/signed-exchange;v=b3;q=0.9","sec-fetch-site":"none","sec-fetch-mode":"navigate","sec-fetch-user":"?1","sec-fetch-dest":"document","accept-encoding":"gzip, deflate, br","accept-language":"de-DE,de;q=0.9,en;q=0.8,en-US;q=0.7","if-none-match":"W/\"141d-VHzHcQZ7BmgTN63M3GUWcwyWDMk\""}
